android/app/build/intermediates/manifest_merge_blame_file/debug/manifest-merger-blame-debug-report.txt
1<?xml version="1.0" encoding="utf-8"?>
2<manifest xmlns:android="http://schemas.android.com/apk/res/android"
3    package="com.ductfitools"
4    android:versionCode="1"
5    android:versionName="1.0" >
6
7    <uses-sdk
8        android:minSdkVersion="21"
9        android:targetSdkVersion="31" />
10
11    <uses-permission android:name="android.permission.SYSTEM_ALERT_WINDOW" />
11-->src\debug\AndroidManifest.xml:5:5-77
11-->src\debug\AndroidManifest.xml:5:22-75
12    <uses-permission android:name="android.permission.INTERNET" />
12-->src\main\AndroidManifest.xml:4:5-67
12-->src\main\AndroidManifest.xml:4:22-64
13    <uses-permission android:name="android.permission.CAMERA" />
13-->src\main\AndroidManifest.xml:5:5-65
13-->src\main\AndroidManifest.xml:5:22-62
14    <uses-permission android:name="android.permission.ACCESS_WIFI_STATE" />
14-->[com.facebook.flipper:flipper:0.125.0] AndroidManifest.xml:16:5-76
14-->[com.facebook.flipper:flipper:0.125.0] AndroidManifest.xml:16:22-73
15    <uses-permission android:name="android.permission.CHANGE_WIFI_STATE" />
15-->[:react-native-wifi-reborn] AndroidManifest.xml:10:5-76
15-->[:react-native-wifi-reborn] AndroidManifest.xml:10:22-73
16    <uses-permission android:name="android.permission.CHANGE_NETWORK_STATE" />
16-->[:react-native-wifi-reborn] AndroidManifest.xml:12:5-79
16-->[:react-native-wifi-reborn] AndroidManifest.xml:12:22-76
17    <uses-permission android:name="android.permission.ACCESS_NETWORK_STATE" />
17-->[:react-native-wifi-reborn] AndroidManifest.xml:13:5-79
17-->[:react-native-wifi-reborn] AndroidManifest.xml:13:22-76
18    <uses-permission android:name="android.permission.ACCESS_FINE_LOCATION" />
18-->[io.github.thanosfisherman.wifiutils:wifiutils:1.6.6] AndroidManifest.xml:9:5-79
18-->[io.github.thanosfisherman.wifiutils:wifiutils:1.6.6] AndroidManifest.xml:9:22-76
19
20    <application
20-->src\main\AndroidManifest.xml:7:5-28:19
21        android:name="com.ductfitools.MainApplication"
21-->src\main\AndroidManifest.xml:9:7-38
22        android:allowBackup="false"
22-->src\main\AndroidManifest.xml:13:7-34
23        android:appComponentFactory="androidx.core.app.CoreComponentFactory"
23-->[androidx.core:core:1.7.0] AndroidManifest.xml:24:18-86
24        android:debuggable="true"
25        android:icon="@mipmap/ic_launcher"
25-->src\main\AndroidManifest.xml:11:7-41
26        android:label="@string/app_name"
26-->src\main\AndroidManifest.xml:10:7-39
27        android:roundIcon="@mipmap/ic_launcher_round"
27-->src\main\AndroidManifest.xml:12:7-52
28        android:theme="@style/AppTheme"
28-->src\main\AndroidManifest.xml:14:7-38
29        android:usesCleartextTraffic="true" >
29-->src\main\AndroidManifest.xml:8:7-42
30        <activity
30-->src\debug\AndroidManifest.xml:11:9-111
31            android:name="com.facebook.react.devsupport.DevSettingsActivity"
31-->src\debug\AndroidManifest.xml:11:19-83
32            android:exported="false" />
32-->src\debug\AndroidManifest.xml:11:84-108
33        <activity
33-->src\main\AndroidManifest.xml:15:7-27:18
34            android:name="com.ductfitools.MainActivity"
34-->src\main\AndroidManifest.xml:16:9-37
35            android:configChanges="keyboard|keyboardHidden|orientation|screenLayout|screenSize|smallestScreenSize|uiMode"
35-->src\main\AndroidManifest.xml:18:9-118
36            android:exported="true"
36-->src\main\AndroidManifest.xml:21:9-32
37            android:label="@string/app_name"
37-->src\main\AndroidManifest.xml:17:9-41
38            android:launchMode="singleTask"
38-->src\main\AndroidManifest.xml:19:9-40
39            android:screenOrientation="portrait"
39-->src\main\AndroidManifest.xml:22:9-45
40            android:windowSoftInputMode="adjustResize" >
40-->src\main\AndroidManifest.xml:20:9-51
41            <intent-filter>
41-->src\main\AndroidManifest.xml:23:9-26:25
42                <action android:name="android.intent.action.MAIN" />
42-->src\main\AndroidManifest.xml:24:13-65
42-->src\main\AndroidManifest.xml:24:21-62
43
44                <category android:name="android.intent.category.LAUNCHER" />
44-->src\main\AndroidManifest.xml:25:13-73
44-->src\main\AndroidManifest.xml:25:23-70
45            </intent-filter>
46        </activity>
47
48        <provider
48-->[:react-native-webview] AndroidManifest.xml:10:9-18:20
49            android:name="com.reactnativecommunity.webview.RNCWebViewFileProvider"
49-->[:react-native-webview] AndroidManifest.xml:11:13-83
50            android:authorities="com.ductfitools.fileprovider"
50-->[:react-native-webview] AndroidManifest.xml:12:13-64
51            android:exported="false"
51-->[:react-native-webview] AndroidManifest.xml:13:13-37
52            android:grantUriPermissions="true" >
52-->[:react-native-webview] AndroidManifest.xml:14:13-47
53            <meta-data
53-->[:react-native-webview] AndroidManifest.xml:15:13-17:63
54                android:name="android.support.FILE_PROVIDER_PATHS"
54-->[:react-native-webview] AndroidManifest.xml:16:17-67
55                android:resource="@xml/file_provider_paths" />
55-->[:react-native-webview] AndroidManifest.xml:17:17-60
56        </provider>
57        <provider
57-->[androidx.emoji2:emoji2:1.0.0] AndroidManifest.xml:26:9-34:20
58            android:name="androidx.startup.InitializationProvider"
58-->[androidx.emoji2:emoji2:1.0.0] AndroidManifest.xml:27:13-67
59            android:authorities="com.ductfitools.androidx-startup"
59-->[androidx.emoji2:emoji2:1.0.0] AndroidManifest.xml:28:13-68
60            android:exported="false" >
60-->[androidx.emoji2:emoji2:1.0.0] AndroidManifest.xml:29:13-37
61            <meta-data
61-->[androidx.emoji2:emoji2:1.0.0] AndroidManifest.xml:31:13-33:52
62                android:name="androidx.emoji2.text.EmojiCompatInitializer"
62-->[androidx.emoji2:emoji2:1.0.0] AndroidManifest.xml:32:17-75
63                android:value="androidx.startup" />
63-->[androidx.emoji2:emoji2:1.0.0] AndroidManifest.xml:33:17-49
64            <meta-data
64-->[androidx.lifecycle:lifecycle-process:2.4.0] AndroidManifest.xml:31:13-33:52
65                android:name="androidx.lifecycle.ProcessLifecycleInitializer"
65-->[androidx.lifecycle:lifecycle-process:2.4.0] AndroidManifest.xml:32:17-78
66                android:value="androidx.startup" />
66-->[androidx.lifecycle:lifecycle-process:2.4.0] AndroidManifest.xml:33:17-49
67        </provider>
68    </application>
69
70</manifest>